0 verbose cli [ '/usr/bin/node', '/usr/bin/npm', 'audit' ]
1 info using npm@8.1.3
2 info using node@v17.1.0
3 timing npm:load:whichnode Completed in 0ms
4 timing config:load:defaults Completed in 1ms
5 timing config:load:file:/usr/lib/node_modules/npm/npmrc Completed in 1ms
6 timing config:load:builtin Completed in 1ms
7 timing config:load:cli Completed in 2ms
8 timing config:load:env Completed in 0ms
9 timing config:load:file:/root/SubQ/tutorials-account-balances/.npmrc Completed in 0ms
10 timing config:load:project Completed in 1ms
11 timing config:load:file:/root/.npmrc Completed in 0ms
12 timing config:load:user Completed in 0ms
13 timing config:load:file:/usr/etc/npmrc Completed in 1ms
14 timing config:load:global Completed in 1ms
15 timing config:load:validate Completed in 0ms
16 timing config:load:credentials Completed in 1ms
17 timing config:load:setEnvs Completed in 1ms
18 timing config:load Completed in 8ms
19 timing npm:load:configload Completed in 8ms
20 timing npm:load:setTitle Completed in 0ms
21 timing npm:load:setupLog Completed in 0ms
22 timing config:load:flatten Completed in 3ms
23 timing npm:load:cleanupLog Completed in 2ms
24 timing npm:load:configScope Completed in 0ms
25 timing npm:load:projectScope Completed in 0ms
26 timing npm:load Completed in 17ms
27 timing arborist:ctor Completed in 1ms
28 timing command:audit Completed in 9ms
29 verbose stack Error: loadVirtual requires existing shrinkwrap file
29 verbose stack     at Arborist.loadVirtual (/usr/lib/node_modules/npm/node_modules/@npmcli/arborist/lib/arborist/load-virtual.js:62:18)
29 verbose stack     at async Arborist.audit (/usr/lib/node_modules/npm/node_modules/@npmcli/arborist/lib/arborist/audit.js:25:18)
29 verbose stack     at async Audit.exec (/usr/lib/node_modules/npm/lib/commands/audit.js:62:5)
29 verbose stack     at async module.exports (/usr/lib/node_modules/npm/lib/cli.js:67:5)
30 verbose cwd /root/SubQ/tutorials-account-balances
31 verbose Linux 5.4.0-62-generic
32 verbose argv "/usr/bin/node" "/usr/bin/npm" "audit"
33 verbose node v17.1.0
34 verbose npm  v8.1.3
35 error code ENOLOCK
36 error audit This command requires an existing lockfile.
37 error audit Try creating one first with: npm i --package-lock-only
38 error audit Original error: loadVirtual requires existing shrinkwrap file
39 verbose exit 1
